<?xml version="1.0" encoding="UTF-8"?>
<!-- Generated by org.testng.reporters.JUnitReportReporter -->
<testsuite hostname="LAPTOP-N5CEF6FS" failures="0" tests="1" name="Runner.Runner" time="0.098" errors="0" timestamp="2022-09-20T10:27:22 IST" skipped="0">
  <testcase classname="Runner.Runner" name="runScenario" time="0.098"/>
  <system-out/>
</testsuite> <!-- Runner.Runner -->
