<?xml version="1.0" encoding="UTF-8"?>
<!-- Generated by org.testng.reporters.JUnitReportReporter -->
<testsuite hostname="LAPTOP-N5CEF6FS" failures="0" tests="2" name="org.fw.tests.TC1_Add_Note" time="8.884" errors="0" timestamp="2022-09-20T10:18:31 IST" skipped="0">
  <testcase classname="org.fw.tests.TC1_Add_Note" name="add_note_test2" time="0.001"/>
  <system-out/>
  <testcase classname="org.fw.tests.TC1_Add_Note" name="add_note_test" time="8.883"/>
  <system-out/>
</testsuite> <!-- org.fw.tests.TC1_Add_Note -->
